This file contains any messages produced by compilers while
running configure, to aid debugging if configure makes a mistake.

It was created by libpng configure 1.6.40, which was
generated by GNU Autoconf 2.71.  Invocation command line was

  $ /Users/ishiihiroto/Develop/build/libpng/iphonesimulator-x86_64/libpng-1.6.40/configure CC=/var/folders/rw/bh6kfqz95jj2y0d3kh6szzz80000gn/T/tmpiag3m8_s LD=/Applications/Xcode.app/Contents/Developer/Toolchains/XcodeDefault.xctoolchain/usr/bin/ld 'CFLAGS=-O3 -miphonesimulator-version-min=9.0 -I/Users/ishiihiroto/Develop/dist/include/iphonesimulator-x86_64/ffi -I/Users/ishiihiroto/Develop/dist/include/common/libpng -I/Users/ishiihiroto/Develop/dist/include/iphonesimulator-x86_64/openssl -I/Users/ishiihiroto/Develop/dist/include/common/sdl2 -I/Users/ishiihiroto/Develop/dist/include/common/sdl2_image -I/Users/ishiihiroto/Develop/dist/include/common/sdl2_mixer -I/Users/ishiihiroto/Develop/dist/include/common/sdl2_ttf -I/Users/ishiihiroto/Develop/dist/include/iphonesimulator-x86_64' 'LDFLAGS=-arch x86_64 -L/Users/ishiihiroto/Develop/dist/lib/iphonesimulator -L/Applications/Xcode.app/Contents/Developer/Platforms/iPhoneSimulator.platform/Developer/SDKs/iPhoneSimulator14.5.sdk/usr/lib -miphonesimulator-version-min=9.0' --prefix=/Users/ishiihiroto/Develop/build/libpng/iphonesimulator-x86_64/libpng-1.6.40/dist --host=x86_64-apple-darwin13 --disable-shared

## --------- ##
## Platform. ##
## --------- ##

hostname = ishiihirotonoMacBook-Air.local
uname -m = x86_64
uname -r = 20.6.0
uname -s = Darwin
uname -v = Darwin Kernel Version 20.6.0: Thu Jul  6 22:12:47 PDT 2023; root:xnu-7195.141.49.702.12~1/RELEASE_X86_64

/usr/bin/uname -p = i386
/bin/uname -X     = unknown

/bin/arch              = unknown
/usr/bin/arch -k       = unknown
/usr/convex/getsysinfo = unknown
/usr/bin/hostinfo      = Mach kernel version:
	 Darwin Kernel Version 20.6.0: Thu Jul  6 22:12:47 PDT 2023; root:xnu-7195.141.49.702.12~1/RELEASE_X86_64
Kernel configured for up to 4 processors.
2 processors are physically available.
4 processors are logically available.
Processor type: x86_64h (Intel x86-64h Haswell)
Processors active: 0 1 2 3
Primary memory available: 8.00 gigabytes
Default processor set: 467 tasks, 1558 threads, 4 processors
Load average: 2.01, Mach factor: 1.98
/bin/machine           = unknown
/usr/bin/oslevel       = unknown
/bin/universe          = unknown

PATH: /Users/ishiihiroto/Develop/env1/bin/
PATH: /usr/local/bin/
PATH: /usr/bin/
PATH: /bin/
PATH: /usr/sbin/
PATH: /sbin/


## ----------- ##
## Core tests. ##
## ----------- ##

configure:2524: looking for aux files: ltmain.sh config.guess config.sub compile missing install-sh
configure:2537:  trying ./
configure:2566:   ./ltmain.sh found
configure:2566:   ./config.guess found
configure:2566:   ./config.sub found
configure:2566:   ./compile found
configure:2566:   ./missing found
configure:2548:   ./install-sh found
configure:2703: checking for a BSD-compatible install
configure:2776: result: /usr/bin/install -c
configure:2787: checking whether build environment is sane
configure:2842: result: yes
configure:2898: checking for x86_64-apple-darwin13-strip
configure:2933: result: no
configure:2943: checking for strip
configure:2964: found /usr/bin/strip
configure:2975: result: strip
configure:3001: checking for a race-free mkdir -p
configure:3045: result: ./install-sh -c -d
configure:3052: checking for gawk
configure:3087: result: no
configure:3052: checking for mawk
configure:3087: result: no
configure:3052: checking for nawk
configure:3087: result: no
configure:3052: checking for awk
configure:3073: found /usr/bin/awk
configure:3084: result: awk
configure:3095: checking whether make sets $(MAKE)
configure:3118: result: yes
configure:3148: checking whether make supports nested variables
configure:3166: result: yes
configure:3306: checking whether to enable maintainer-specific portions of Makefiles
configure:3316: result: no
configure:3365: checking for x86_64-apple-darwin13-gcc
configure:3397: result: /var/folders/rw/bh6kfqz95jj2y0d3kh6szzz80000gn/T/tmpiag3m8_s
configure:3795: checking for C compiler version
configure:3804: /var/folders/rw/bh6kfqz95jj2y0d3kh6szzz80000gn/T/tmpiag3m8_s --version >&5
Apple clang version 12.0.5 (clang-1205.0.22.9)
Target: x86_64-apple-darwin20.6.0
Thread model: posix
InstalledDir: /Applications/Xcode.app/Contents/Developer/Toolchains/XcodeDefault.xctoolchain/usr/bin
configure:3815: $? = 0
configure:3804: /var/folders/rw/bh6kfqz95jj2y0d3kh6szzz80000gn/T/tmpiag3m8_s -v >&5
Apple clang version 12.0.5 (clang-1205.0.22.9)
Target: x86_64-apple-darwin20.6.0
Thread model: posix
InstalledDir: /Applications/Xcode.app/Contents/Developer/Toolchains/XcodeDefault.xctoolchain/usr/bin
clang: warning: argument unused during compilation: '-no-cpp-precomp' [-Wunused-command-line-argument]
configure:3815: $? = 0
configure:3804: /var/folders/rw/bh6kfqz95jj2y0d3kh6szzz80000gn/T/tmpiag3m8_s -V >&5
clang: error: argument to '-V' is missing (expected 1 value)
clang: error: no input files
configure:3815: $? = 1
configure:3804: /var/folders/rw/bh6kfqz95jj2y0d3kh6szzz80000gn/T/tmpiag3m8_s -qversion >&5
clang: error: unknown argument '-qversion'; did you mean '--version'?
clang: error: no input files
configure:3815: $? = 1
configure:3804: /var/folders/rw/bh6kfqz95jj2y0d3kh6szzz80000gn/T/tmpiag3m8_s -version >&5
clang: error: unknown argument '-version'; did you mean '--version'?
clang: error: no input files
configure:3815: $? = 1
configure:3835: checking whether the C compiler works
configure:3857: /var/folders/rw/bh6kfqz95jj2y0d3kh6szzz80000gn/T/tmpiag3m8_s -O3 -miphonesimulator-version-min=9.0 -I/Users/ishiihiroto/Develop/dist/include/iphonesimulator-x86_64/ffi -I/Users/ishiihiroto/Develop/dist/include/common/libpng -I/Users/ishiihiroto/Develop/dist/include/iphonesimulator-x86_64/openssl -I/Users/ishiihiroto/Develop/dist/include/common/sdl2 -I/Users/ishiihiroto/Develop/dist/include/common/sdl2_image -I/Users/ishiihiroto/Develop/dist/include/common/sdl2_mixer -I/Users/ishiihiroto/Develop/dist/include/common/sdl2_ttf -I/Users/ishiihiroto/Develop/dist/include/iphonesimulator-x86_64  -arch x86_64 -L/Users/ishiihiroto/Develop/dist/lib/iphonesimulator -L/Applications/Xcode.app/Contents/Developer/Platforms/iPhoneSimulator.platform/Developer/SDKs/iPhoneSimulator14.5.sdk/usr/lib -miphonesimulator-version-min=9.0 conftest.c  >&5
configure:3861: $? = 0
configure:3911: result: yes
configure:3914: checking for C compiler default output file name
configure:3916: result: a.out
configure:3922: checking for suffix of executables
configure:3929: /var/folders/rw/bh6kfqz95jj2y0d3kh6szzz80000gn/T/tmpiag3m8_s -o conftest -O3 -miphonesimulator-version-min=9.0 -I/Users/ishiihiroto/Develop/dist/include/iphonesimulator-x86_64/ffi -I/Users/ishiihiroto/Develop/dist/include/common/libpng -I/Users/ishiihiroto/Develop/dist/include/iphonesimulator-x86_64/openssl -I/Users/ishiihiroto/Develop/dist/include/common/sdl2 -I/Users/ishiihiroto/Develop/dist/include/common/sdl2_image -I/Users/ishiihiroto/Develop/dist/include/common/sdl2_mixer -I/Users/ishiihiroto/Develop/dist/include/common/sdl2_ttf -I/Users/ishiihiroto/Develop/dist/include/iphonesimulator-x86_64  -arch x86_64 -L/Users/ishiihiroto/Develop/dist/lib/iphonesimulator -L/Applications/Xcode.app/Contents/Developer/Platforms/iPhoneSimulator.platform/Developer/SDKs/iPhoneSimulator14.5.sdk/usr/lib -miphonesimulator-version-min=9.0 conftest.c  >&5
configure:3933: $? = 0
configure:3956: result: 
configure:3978: checking whether we are cross compiling
configure:3986: /var/folders/rw/bh6kfqz95jj2y0d3kh6szzz80000gn/T/tmpiag3m8_s -o conftest -O3 -miphonesimulator-version-min=9.0 -I/Users/ishiihiroto/Develop/dist/include/iphonesimulator-x86_64/ffi -I/Users/ishiihiroto/Develop/dist/include/common/libpng -I/Users/ishiihiroto/Develop/dist/include/iphonesimulator-x86_64/openssl -I/Users/ishiihiroto/Develop/dist/include/common/sdl2 -I/Users/ishiihiroto/Develop/dist/include/common/sdl2_image -I/Users/ishiihiroto/Develop/dist/include/common/sdl2_mixer -I/Users/ishiihiroto/Develop/dist/include/common/sdl2_ttf -I/Users/ishiihiroto/Develop/dist/include/iphonesimulator-x86_64  -arch x86_64 -L/Users/ishiihiroto/Develop/dist/lib/iphonesimulator -L/Applications/Xcode.app/Contents/Developer/Platforms/iPhoneSimulator.platform/Developer/SDKs/iPhoneSimulator14.5.sdk/usr/lib -miphonesimulator-version-min=9.0 conftest.c  >&5
configure:3990: $? = 0
configure:3997: ./conftest
dyld: attempt to run simulator program outside simulator (DYLD_ROOT_PATH not set)
/Users/ishiihiroto/Develop/build/libpng/iphonesimulator-x86_64/libpng-1.6.40/configure: line 3999: 37963 Abort trap: 6           ./conftest$ac_cv_exeext
configure:4001: $? = 134
configure:4016: result: yes
configure:4021: checking for suffix of object files
configure:4044: /var/folders/rw/bh6kfqz95jj2y0d3kh6szzz80000gn/T/tmpiag3m8_s -c -O3 -miphonesimulator-version-min=9.0 -I/Users/ishiihiroto/Develop/dist/include/iphonesimulator-x86_64/ffi -I/Users/ishiihiroto/Develop/dist/include/common/libpng -I/Users/ishiihiroto/Develop/dist/include/iphonesimulator-x86_64/openssl -I/Users/ishiihiroto/Develop/dist/include/common/sdl2 -I/Users/ishiihiroto/Develop/dist/include/common/sdl2_image -I/Users/ishiihiroto/Develop/dist/include/common/sdl2_mixer -I/Users/ishiihiroto/Develop/dist/include/common/sdl2_ttf -I/Users/ishiihiroto/Develop/dist/include/iphonesimulator-x86_64  conftest.c >&5
configure:4048: $? = 0
configure:4070: result: o
configure:4074: checking whether the compiler supports GNU C
configure:4094: /var/folders/rw/bh6kfqz95jj2y0d3kh6szzz80000gn/T/tmpiag3m8_s -c -O3 -miphonesimulator-version-min=9.0 -I/Users/ishiihiroto/Develop/dist/include/iphonesimulator-x86_64/ffi -I/Users/ishiihiroto/Develop/dist/include/common/libpng -I/Users/ishiihiroto/Develop/dist/include/iphonesimulator-x86_64/openssl -I/Users/ishiihiroto/Develop/dist/include/common/sdl2 -I/Users/ishiihiroto/Develop/dist/include/common/sdl2_image -I/Users/ishiihiroto/Develop/dist/include/common/sdl2_mixer -I/Users/ishiihiroto/Develop/dist/include/common/sdl2_ttf -I/Users/ishiihiroto/Develop/dist/include/iphonesimulator-x86_64  conftest.c >&5
configure:4094: $? = 0
configure:4104: result: yes
configure:4115: checking whether /var/folders/rw/bh6kfqz95jj2y0d3kh6szzz80000gn/T/tmpiag3m8_s accepts -g
configure:4136: /var/folders/rw/bh6kfqz95jj2y0d3kh6szzz80000gn/T/tmpiag3m8_s -c -g  conftest.c >&5
configure:4136: $? = 0
configure:4180: result: yes
configure:4200: checking for /var/folders/rw/bh6kfqz95jj2y0d3kh6szzz80000gn/T/tmpiag3m8_s option to enable C11 features
configure:4215: /var/folders/rw/bh6kfqz95jj2y0d3kh6szzz80000gn/T/tmpiag3m8_s  -c -O3 -miphonesimulator-version-min=9.0 -I/Users/ishiihiroto/Develop/dist/include/iphonesimulator-x86_64/ffi -I/Users/ishiihiroto/Develop/dist/include/common/libpng -I/Users/ishiihiroto/Develop/dist/include/iphonesimulator-x86_64/openssl -I/Users/ishiihiroto/Develop/dist/include/common/sdl2 -I/Users/ishiihiroto/Develop/dist/include/common/sdl2_image -I/Users/ishiihiroto/Develop/dist/include/common/sdl2_mixer -I/Users/ishiihiroto/Develop/dist/include/common/sdl2_ttf -I/Users/ishiihiroto/Develop/dist/include/iphonesimulator-x86_64  conftest.c >&5
configure:4215: $? = 0
configure:4233: result: none needed
configure:4349: checking whether /var/folders/rw/bh6kfqz95jj2y0d3kh6szzz80000gn/T/tmpiag3m8_s understands -c and -o together
configure:4372: /var/folders/rw/bh6kfqz95jj2y0d3kh6szzz80000gn/T/tmpiag3m8_s -c conftest.c -o conftest2.o
configure:4375: $? = 0
configure:4372: /var/folders/rw/bh6kfqz95jj2y0d3kh6szzz80000gn/T/tmpiag3m8_s -c conftest.c -o conftest2.o
configure:4375: $? = 0
configure:4387: result: yes
configure:4407: checking whether make supports the include directive
configure:4422: make -f confmf.GNU && cat confinc.out
this is the am__doit target
configure:4425: $? = 0
configure:4444: result: yes (GNU style)
configure:4470: checking dependency style of /var/folders/rw/bh6kfqz95jj2y0d3kh6szzz80000gn/T/tmpiag3m8_s
configure:4582: result: gcc3
configure:4606: checking dependency style of /var/folders/rw/bh6kfqz95jj2y0d3kh6szzz80000gn/T/tmpiag3m8_s
configure:4716: result: gcc3
configure:4737: checking build system type
configure:4752: result: x86_64-apple-darwin20.6.0
configure:4772: checking host system type
configure:4786: result: x86_64-apple-darwin13
configure:4806: checking for a sed that does not truncate output
configure:4876: result: /usr/bin/sed
configure:4894: checking for grep that handles long lines and -e
configure:4958: result: /usr/bin/grep
configure:4963: checking for egrep
configure:5031: result: /usr/bin/grep -E
configure:5036: checking for fgrep
configure:5104: result: /usr/bin/grep -F
configure:5131: checking how to print strings
configure:5158: result: printf
configure:5192: checking for ld used by /var/folders/rw/bh6kfqz95jj2y0d3kh6szzz80000gn/T/tmpiag3m8_s
configure:5260: result: /Applications/Xcode.app/Contents/Developer/Toolchains/XcodeDefault.xctoolchain/usr/bin/ld
configure:5267: checking if the linker (/Applications/Xcode.app/Contents/Developer/Toolchains/XcodeDefault.xctoolchain/usr/bin/ld) is GNU ld
configure:5283: result: no
configure:5300: checking how to run the C preprocessor
configure:5326: /var/folders/rw/bh6kfqz95jj2y0d3kh6szzz80000gn/T/tmpiag3m8_s -E  conftest.c
configure:5326: $? = 0
configure:5341: /var/folders/rw/bh6kfqz95jj2y0d3kh6szzz80000gn/T/tmpiag3m8_s -E  conftest.c
conftest.c:11:10: fatal error: 'ac_nonexistent.h' file not found
#include <ac_nonexistent.h>
         ^~~~~~~~~~~~~~~~~~
1 error generated.
configure:5341: $? = 1
configure: failed program was:
| /* confdefs.h */
| #define PACKAGE_NAME "libpng"
| #define PACKAGE_TARNAME "libpng"
| #define PACKAGE_VERSION "1.6.40"
| #define PACKAGE_STRING "libpng 1.6.40"
| #define PACKAGE_BUGREPORT "png-mng-implement@lists.sourceforge.net"
| #define PACKAGE_URL ""
| #define PACKAGE "libpng"
| #define VERSION "1.6.40"
| /* end confdefs.h.  */
| #include <ac_nonexistent.h>
configure:5368: result: /var/folders/rw/bh6kfqz95jj2y0d3kh6szzz80000gn/T/tmpiag3m8_s -E
configure:5382: /var/folders/rw/bh6kfqz95jj2y0d3kh6szzz80000gn/T/tmpiag3m8_s -E  conftest.c
configure:5382: $? = 0
configure:5397: /var/folders/rw/bh6kfqz95jj2y0d3kh6szzz80000gn/T/tmpiag3m8_s -E  conftest.c
conftest.c:11:10: fatal error: 'ac_nonexistent.h' file not found
#include <ac_nonexistent.h>
         ^~~~~~~~~~~~~~~~~~
1 error generated.
configure:5397: $? = 1
configure: failed program was:
| /* confdefs.h */
| #define PACKAGE_NAME "libpng"
| #define PACKAGE_TARNAME "libpng"
| #define PACKAGE_VERSION "1.6.40"
| #define PACKAGE_STRING "libpng 1.6.40"
| #define PACKAGE_BUGREPORT "png-mng-implement@lists.sourceforge.net"
| #define PACKAGE_URL ""
| #define PACKAGE "libpng"
| #define VERSION "1.6.40"
| /* end confdefs.h.  */
| #include <ac_nonexistent.h>
configure:5431: checking for gawk
configure:5463: result: awk
configure:5475: checking whether ln -s works
configure:5479: result: yes
configure:5486: checking whether make sets $(MAKE)
configure:5509: result: yes
configure:5562: checking for BSD- or MS-compatible name lister (nm)
configure:5617: result: no
configure:5631: checking for x86_64-apple-darwin13-dumpbin
configure:5666: result: no
configure:5631: checking for x86_64-apple-darwin13-link
configure:5666: result: no
configure:5680: checking for dumpbin
configure:5715: result: no
configure:5680: checking for link
configure:5701: found /bin/link
configure:5712: result: link -dump
configure:5728: WARNING: using cross tools not prefixed with host triplet
configure:5757: checking the name lister (nm) interface
configure:5765: /var/folders/rw/bh6kfqz95jj2y0d3kh6szzz80000gn/T/tmpiag3m8_s -c -O3 -miphonesimulator-version-min=9.0 -I/Users/ishiihiroto/Develop/dist/include/iphonesimulator-x86_64/ffi -I/Users/ishiihiroto/Develop/dist/include/common/libpng -I/Users/ishiihiroto/Develop/dist/include/iphonesimulator-x86_64/openssl -I/Users/ishiihiroto/Develop/dist/include/common/sdl2 -I/Users/ishiihiroto/Develop/dist/include/common/sdl2_image -I/Users/ishiihiroto/Develop/dist/include/common/sdl2_mixer -I/Users/ishiihiroto/Develop/dist/include/common/sdl2_ttf -I/Users/ishiihiroto/Develop/dist/include/iphonesimulator-x86_64  conftest.c >&5
configure:5768: nm "conftest.o"
configure:5771: output
0000000000000000 S _some_variable
configure:5778: result: BSD nm
configure:5782: checking the maximum length of command line arguments
configure:5914: result: 786432
configure:5962: checking how to convert x86_64-apple-darwin20.6.0 file names to x86_64-apple-darwin13 format
configure:6003: result: func_convert_file_noop
configure:6010: checking how to convert x86_64-apple-darwin20.6.0 file names to toolchain format
configure:6031: result: func_convert_file_noop
configure:6038: checking for /Applications/Xcode.app/Contents/Developer/Toolchains/XcodeDefault.xctoolchain/usr/bin/ld option to reload object files
configure:6046: result: -r
configure:6080: checking for x86_64-apple-darwin13-file
configure:6115: result: no
configure:6125: checking for file
configure:6146: found /usr/bin/file
configure:6157: result: file
configure:6188: checking for x86_64-apple-darwin13-objdump
configure:6223: result: no
configure:6233: checking for objdump
configure:6254: found /usr/bin/objdump
configure:6265: result: objdump
configure:6294: checking how to recognize dependent libraries
configure:6495: result: pass_all
configure:6540: checking for x86_64-apple-darwin13-dlltool
configure:6575: result: no
configure:6585: checking for dlltool
configure:6620: result: no
configure:6647: checking how to associate runtime and link libraries
configure:6675: result: printf %s\n
configure:6692: checking for x86_64-apple-darwin13-ar
configure:6727: result: no
configure:6741: checking for ar
configure:6762: found /usr/bin/ar
configure:6773: result: ar
configure:6826: checking for archiver @FILE support
configure:6844: /var/folders/rw/bh6kfqz95jj2y0d3kh6szzz80000gn/T/tmpiag3m8_s -c -O3 -miphonesimulator-version-min=9.0 -I/Users/ishiihiroto/Develop/dist/include/iphonesimulator-x86_64/ffi -I/Users/ishiihiroto/Develop/dist/include/common/libpng -I/Users/ishiihiroto/Develop/dist/include/iphonesimulator-x86_64/openssl -I/Users/ishiihiroto/Develop/dist/include/common/sdl2 -I/Users/ishiihiroto/Develop/dist/include/common/sdl2_image -I/Users/ishiihiroto/Develop/dist/include/common/sdl2_mixer -I/Users/ishiihiroto/Develop/dist/include/common/sdl2_ttf -I/Users/ishiihiroto/Develop/dist/include/iphonesimulator-x86_64  conftest.c >&5
configure:6844: $? = 0
configure:6848: ar cr libconftest.a @conftest.lst >&5
ar: @conftest.lst: No such file or directory
configure:6851: $? = 1
configure:6871: result: no
configure:6889: checking for x86_64-apple-darwin13-strip
configure:6921: result: strip
configure:6998: checking for x86_64-apple-darwin13-ranlib
configure:7033: result: no
configure:7043: checking for ranlib
configure:7064: found /usr/bin/ranlib
configure:7075: result: ranlib
configure:7177: checking command to parse nm output from /var/folders/rw/bh6kfqz95jj2y0d3kh6szzz80000gn/T/tmpiag3m8_s object
configure:7331: /var/folders/rw/bh6kfqz95jj2y0d3kh6szzz80000gn/T/tmpiag3m8_s -c -O3 -miphonesimulator-version-min=9.0 -I/Users/ishiihiroto/Develop/dist/include/iphonesimulator-x86_64/ffi -I/Users/ishiihiroto/Develop/dist/include/common/libpng -I/Users/ishiihiroto/Develop/dist/include/iphonesimulator-x86_64/openssl -I/Users/ishiihiroto/Develop/dist/include/common/sdl2 -I/Users/ishiihiroto/Develop/dist/include/common/sdl2_image -I/Users/ishiihiroto/Develop/dist/include/common/sdl2_mixer -I/Users/ishiihiroto/Develop/dist/include/common/sdl2_ttf -I/Users/ishiihiroto/Develop/dist/include/iphonesimulator-x86_64  conftest.c >&5
configure:7334: $? = 0
configure:7338: nm conftest.o \| /usr/bin/sed -n -e 's/^.*[ ]\([BCDEGRST][BCDEGRST]*\)[ ][ ]*\([_A-Za-z][_A-Za-z0-9]*\)$/\1 \2 \2/p' | /usr/bin/sed '/ __gnu_lto/d' \> conftest.nm
configure:7341: $? = 0
cannot find nm_test_var in conftest.nm
configure:7331: /var/folders/rw/bh6kfqz95jj2y0d3kh6szzz80000gn/T/tmpiag3m8_s -c -O3 -miphonesimulator-version-min=9.0 -I/Users/ishiihiroto/Develop/dist/include/iphonesimulator-x86_64/ffi -I/Users/ishiihiroto/Develop/dist/include/common/libpng -I/Users/ishiihiroto/Develop/dist/include/iphonesimulator-x86_64/openssl -I/Users/ishiihiroto/Develop/dist/include/common/sdl2 -I/Users/ishiihiroto/Develop/dist/include/common/sdl2_image -I/Users/ishiihiroto/Develop/dist/include/common/sdl2_mixer -I/Users/ishiihiroto/Develop/dist/include/common/sdl2_ttf -I/Users/ishiihiroto/Develop/dist/include/iphonesimulator-x86_64  conftest.c >&5
configure:7334: $? = 0
configure:7338: nm conftest.o \| /usr/bin/sed -n -e 's/^.*[ ]\([BCDEGRST][BCDEGRST]*\)[ ][ ]*_\([_A-Za-z][_A-Za-z0-9]*\)$/\1 _\2 \2/p' | /usr/bin/sed '/ __gnu_lto/d' \> conftest.nm
configure:7341: $? = 0
configure:7407: /var/folders/rw/bh6kfqz95jj2y0d3kh6szzz80000gn/T/tmpiag3m8_s -o conftest -O3 -miphonesimulator-version-min=9.0 -I/Users/ishiihiroto/Develop/dist/include/iphonesimulator-x86_64/ffi -I/Users/ishiihiroto/Develop/dist/include/common/libpng -I/Users/ishiihiroto/Develop/dist/include/iphonesimulator-x86_64/openssl -I/Users/ishiihiroto/Develop/dist/include/common/sdl2 -I/Users/ishiihiroto/Develop/dist/include/common/sdl2_image -I/Users/ishiihiroto/Develop/dist/include/common/sdl2_mixer -I/Users/ishiihiroto/Develop/dist/include/common/sdl2_ttf -I/Users/ishiihiroto/Develop/dist/include/iphonesimulator-x86_64  -arch x86_64 -L/Users/ishiihiroto/Develop/dist/lib/iphonesimulator -L/Applications/Xcode.app/Contents/Developer/Platforms/iPhoneSimulator.platform/Developer/SDKs/iPhoneSimulator14.5.sdk/usr/lib -miphonesimulator-version-min=9.0 conftest.c conftstm.o >&5
configure:7410: $? = 0
configure:7448: result: ok
configure:7495: checking for sysroot
configure:7526: result: no
configure:7533: checking for a working dd
configure:7577: result: /bin/dd
configure:7581: checking how to truncate binary pipes
configure:7597: result: /bin/dd bs=4096 count=1
configure:7889: checking for x86_64-apple-darwin13-mt
configure:7924: result: no
configure:7934: checking for mt
configure:7969: result: no
configure:7989: checking if : is a manifest tool
configure:7996: : '-?'
configure:8004: result: no
configure:8020: checking for x86_64-apple-darwin13-dsymutil
configure:8055: result: no
configure:8065: checking for dsymutil
configure:8086: found /usr/bin/dsymutil
configure:8097: result: dsymutil
configure:8122: checking for x86_64-apple-darwin13-nmedit
configure:8157: result: no
configure:8167: checking for nmedit
configure:8188: found /usr/bin/nmedit
configure:8199: result: nmedit
configure:8224: checking for x86_64-apple-darwin13-lipo
configure:8259: result: no
configure:8269: checking for lipo
configure:8290: found /usr/bin/lipo
configure:8301: result: lipo
configure:8326: checking for x86_64-apple-darwin13-otool
configure:8361: result: no
configure:8371: checking for otool
configure:8392: found /usr/bin/otool
configure:8403: result: otool
configure:8428: checking for x86_64-apple-darwin13-otool64
configure:8463: result: no
configure:8473: checking for otool64
configure:8508: result: no
configure:8553: checking for -single_module linker flag
/var/folders/rw/bh6kfqz95jj2y0d3kh6szzz80000gn/T/tmpiag3m8_s -O3 -miphonesimulator-version-min=9.0 -I/Users/ishiihiroto/Develop/dist/include/iphonesimulator-x86_64/ffi -I/Users/ishiihiroto/Develop/dist/include/common/libpng -I/Users/ishiihiroto/Develop/dist/include/iphonesimulator-x86_64/openssl -I/Users/ishiihiroto/Develop/dist/include/common/sdl2 -I/Users/ishiihiroto/Develop/dist/include/common/sdl2_image -I/Users/ishiihiroto/Develop/dist/include/common/sdl2_mixer -I/Users/ishiihiroto/Develop/dist/include/common/sdl2_ttf -I/Users/ishiihiroto/Develop/dist/include/iphonesimulator-x86_64 -arch x86_64 -L/Users/ishiihiroto/Develop/dist/lib/iphonesimulator -L/Applications/Xcode.app/Contents/Developer/Platforms/iPhoneSimulator.platform/Developer/SDKs/iPhoneSimulator14.5.sdk/usr/lib -miphonesimulator-version-min=9.0 -o libconftest.dylib -dynamiclib -Wl,-single_module conftest.c
configure:8587: result: yes
configure:8590: checking for -exported_symbols_list linker flag
configure:8611: /var/folders/rw/bh6kfqz95jj2y0d3kh6szzz80000gn/T/tmpiag3m8_s -o conftest -O3 -miphonesimulator-version-min=9.0 -I/Users/ishiihiroto/Develop/dist/include/iphonesimulator-x86_64/ffi -I/Users/ishiihiroto/Develop/dist/include/common/libpng -I/Users/ishiihiroto/Develop/dist/include/iphonesimulator-x86_64/openssl -I/Users/ishiihiroto/Develop/dist/include/common/sdl2 -I/Users/ishiihiroto/Develop/dist/include/common/sdl2_image -I/Users/ishiihiroto/Develop/dist/include/common/sdl2_mixer -I/Users/ishiihiroto/Develop/dist/include/common/sdl2_ttf -I/Users/ishiihiroto/Develop/dist/include/iphonesimulator-x86_64  -arch x86_64 -L/Users/ishiihiroto/Develop/dist/lib/iphonesimulator -L/Applications/Xcode.app/Contents/Developer/Platforms/iPhoneSimulator.platform/Developer/SDKs/iPhoneSimulator14.5.sdk/usr/lib -miphonesimulator-version-min=9.0 -Wl,-exported_symbols_list,conftest.sym conftest.c  >&5
configure:8611: $? = 0
configure:8622: result: yes
configure:8625: checking for -force_load linker flag
/var/folders/rw/bh6kfqz95jj2y0d3kh6szzz80000gn/T/tmpiag3m8_s -O3 -miphonesimulator-version-min=9.0 -I/Users/ishiihiroto/Develop/dist/include/iphonesimulator-x86_64/ffi -I/Users/ishiihiroto/Develop/dist/include/common/libpng -I/Users/ishiihiroto/Develop/dist/include/iphonesimulator-x86_64/openssl -I/Users/ishiihiroto/Develop/dist/include/common/sdl2 -I/Users/ishiihiroto/Develop/dist/include/common/sdl2_image -I/Users/ishiihiroto/Develop/dist/include/common/sdl2_mixer -I/Users/ishiihiroto/Develop/dist/include/common/sdl2_ttf -I/Users/ishiihiroto/Develop/dist/include/iphonesimulator-x86_64 -c -o conftest.o conftest.c
ar cr libconftest.a conftest.o
ranlib libconftest.a
/var/folders/rw/bh6kfqz95jj2y0d3kh6szzz80000gn/T/tmpiag3m8_s -O3 -miphonesimulator-version-min=9.0 -I/Users/ishiihiroto/Develop/dist/include/iphonesimulator-x86_64/ffi -I/Users/ishiihiroto/Develop/dist/include/common/libpng -I/Users/ishiihiroto/Develop/dist/include/iphonesimulator-x86_64/openssl -I/Users/ishiihiroto/Develop/dist/include/common/sdl2 -I/Users/ishiihiroto/Develop/dist/include/common/sdl2_image -I/Users/ishiihiroto/Develop/dist/include/common/sdl2_mixer -I/Users/ishiihiroto/Develop/dist/include/common/sdl2_ttf -I/Users/ishiihiroto/Develop/dist/include/iphonesimulator-x86_64 -arch x86_64 -L/Users/ishiihiroto/Develop/dist/lib/iphonesimulator -L/Applications/Xcode.app/Contents/Developer/Platforms/iPhoneSimulator.platform/Developer/SDKs/iPhoneSimulator14.5.sdk/usr/lib -miphonesimulator-version-min=9.0 -o conftest conftest.c -Wl,-force_load,./libconftest.a
configure:8658: result: yes
configure:8729: checking for stdio.h
configure:8729: /var/folders/rw/bh6kfqz95jj2y0d3kh6szzz80000gn/T/tmpiag3m8_s -c -O3 -miphonesimulator-version-min=9.0 -I/Users/ishiihiroto/Develop/dist/include/iphonesimulator-x86_64/ffi -I/Users/ishiihiroto/Develop/dist/include/common/libpng -I/Users/ishiihiroto/Develop/dist/include/iphonesimulator-x86_64/openssl -I/Users/ishiihiroto/Develop/dist/include/common/sdl2 -I/Users/ishiihiroto/Develop/dist/include/common/sdl2_image -I/Users/ishiihiroto/Develop/dist/include/common/sdl2_mixer -I/Users/ishiihiroto/Develop/dist/include/common/sdl2_ttf -I/Users/ishiihiroto/Develop/dist/include/iphonesimulator-x86_64  conftest.c >&5
configure:8729: $? = 0
configure:8729: result: yes
configure:8729: checking for stdlib.h
configure:8729: /var/folders/rw/bh6kfqz95jj2y0d3kh6szzz80000gn/T/tmpiag3m8_s -c -O3 -miphonesimulator-version-min=9.0 -I/Users/ishiihiroto/Develop/dist/include/iphonesimulator-x86_64/ffi -I/Users/ishiihiroto/Develop/dist/include/common/libpng -I/Users/ishiihiroto/Develop/dist/include/iphonesimulator-x86_64/openssl -I/Users/ishiihiroto/Develop/dist/include/common/sdl2 -I/Users/ishiihiroto/Develop/dist/include/common/sdl2_image -I/Users/ishiihiroto/Develop/dist/include/common/sdl2_mixer -I/Users/ishiihiroto/Develop/dist/include/common/sdl2_ttf -I/Users/ishiihiroto/Develop/dist/include/iphonesimulator-x86_64  conftest.c >&5
configure:8729: $? = 0
configure:8729: result: yes
configure:8729: checking for string.h
configure:8729: /var/folders/rw/bh6kfqz95jj2y0d3kh6szzz80000gn/T/tmpiag3m8_s -c -O3 -miphonesimulator-version-min=9.0 -I/Users/ishiihiroto/Develop/dist/include/iphonesimulator-x86_64/ffi -I/Users/ishiihiroto/Develop/dist/include/common/libpng -I/Users/ishiihiroto/Develop/dist/include/iphonesimulator-x86_64/openssl -I/Users/ishiihiroto/Develop/dist/include/common/sdl2 -I/Users/ishiihiroto/Develop/dist/include/common/sdl2_image -I/Users/ishiihiroto/Develop/dist/include/common/sdl2_mixer -I/Users/ishiihiroto/Develop/dist/include/common/sdl2_ttf -I/Users/ishiihiroto/Develop/dist/include/iphonesimulator-x86_64  conftest.c >&5
configure:8729: $? = 0
configure:8729: result: yes
configure:8729: checking for inttypes.h
configure:8729: /var/folders/rw/bh6kfqz95jj2y0d3kh6szzz80000gn/T/tmpiag3m8_s -c -O3 -miphonesimulator-version-min=9.0 -I/Users/ishiihiroto/Develop/dist/include/iphonesimulator-x86_64/ffi -I/Users/ishiihiroto/Develop/dist/include/common/libpng -I/Users/ishiihiroto/Develop/dist/include/iphonesimulator-x86_64/openssl -I/Users/ishiihiroto/Develop/dist/include/common/sdl2 -I/Users/ishiihiroto/Develop/dist/include/common/sdl2_image -I/Users/ishiihiroto/Develop/dist/include/common/sdl2_mixer -I/Users/ishiihiroto/Develop/dist/include/common/sdl2_ttf -I/Users/ishiihiroto/Develop/dist/include/iphonesimulator-x86_64  conftest.c >&5
configure:8729: $? = 0
configure:8729: result: yes
configure:8729: checking for stdint.h
configure:8729: /var/folders/rw/bh6kfqz95jj2y0d3kh6szzz80000gn/T/tmpiag3m8_s -c -O3 -miphonesimulator-version-min=9.0 -I/Users/ishiihiroto/Develop/dist/include/iphonesimulator-x86_64/ffi -I/Users/ishiihiroto/Develop/dist/include/common/libpng -I/Users/ishiihiroto/Develop/dist/include/iphonesimulator-x86_64/openssl -I/Users/ishiihiroto/Develop/dist/include/common/sdl2 -I/Users/ishiihiroto/Develop/dist/include/common/sdl2_image -I/Users/ishiihiroto/Develop/dist/include/common/sdl2_mixer -I/Users/ishiihiroto/Develop/dist/include/common/sdl2_ttf -I/Users/ishiihiroto/Develop/dist/include/iphonesimulator-x86_64  conftest.c >&5
configure:8729: $? = 0
configure:8729: result: yes
configure:8729: checking for strings.h
configure:8729: /var/folders/rw/bh6kfqz95jj2y0d3kh6szzz80000gn/T/tmpiag3m8_s -c -O3 -miphonesimulator-version-min=9.0 -I/Users/ishiihiroto/Develop/dist/include/iphonesimulator-x86_64/ffi -I/Users/ishiihiroto/Develop/dist/include/common/libpng -I/Users/ishiihiroto/Develop/dist/include/iphonesimulator-x86_64/openssl -I/Users/ishiihiroto/Develop/dist/include/common/sdl2 -I/Users/ishiihiroto/Develop/dist/include/common/sdl2_image -I/Users/ishiihiroto/Develop/dist/include/common/sdl2_mixer -I/Users/ishiihiroto/Develop/dist/include/common/sdl2_ttf -I/Users/ishiihiroto/Develop/dist/include/iphonesimulator-x86_64  conftest.c >&5
configure:8729: $? = 0
configure:8729: result: yes
configure:8729: checking for sys/stat.h
configure:8729: /var/folders/rw/bh6kfqz95jj2y0d3kh6szzz80000gn/T/tmpiag3m8_s -c -O3 -miphonesimulator-version-min=9.0 -I/Users/ishiihiroto/Develop/dist/include/iphonesimulator-x86_64/ffi -I/Users/ishiihiroto/Develop/dist/include/common/libpng -I/Users/ishiihiroto/Develop/dist/include/iphonesimulator-x86_64/openssl -I/Users/ishiihiroto/Develop/dist/include/common/sdl2 -I/Users/ishiihiroto/Develop/dist/include/common/sdl2_image -I/Users/ishiihiroto/Develop/dist/include/common/sdl2_mixer -I/Users/ishiihiroto/Develop/dist/include/common/sdl2_ttf -I/Users/ishiihiroto/Develop/dist/include/iphonesimulator-x86_64  conftest.c >&5
configure:8729: $? = 0
configure:8729: result: yes
configure:8729: checking for sys/types.h
configure:8729: /var/folders/rw/bh6kfqz95jj2y0d3kh6szzz80000gn/T/tmpiag3m8_s -c -O3 -miphonesimulator-version-min=9.0 -I/Users/ishiihiroto/Develop/dist/include/iphonesimulator-x86_64/ffi -I/Users/ishiihiroto/Develop/dist/include/common/libpng -I/Users/ishiihiroto/Develop/dist/include/iphonesimulator-x86_64/openssl -I/Users/ishiihiroto/Develop/dist/include/common/sdl2 -I/Users/ishiihiroto/Develop/dist/include/common/sdl2_image -I/Users/ishiihiroto/Develop/dist/include/common/sdl2_mixer -I/Users/ishiihiroto/Develop/dist/include/common/sdl2_ttf -I/Users/ishiihiroto/Develop/dist/include/iphonesimulator-x86_64  conftest.c >&5
configure:8729: $? = 0
configure:8729: result: yes
configure:8729: checking for unistd.h
configure:8729: /var/folders/rw/bh6kfqz95jj2y0d3kh6szzz80000gn/T/tmpiag3m8_s -c -O3 -miphonesimulator-version-min=9.0 -I/Users/ishiihiroto/Develop/dist/include/iphonesimulator-x86_64/ffi -I/Users/ishiihiroto/Develop/dist/include/common/libpng -I/Users/ishiihiroto/Develop/dist/include/iphonesimulator-x86_64/openssl -I/Users/ishiihiroto/Develop/dist/include/common/sdl2 -I/Users/ishiihiroto/Develop/dist/include/common/sdl2_image -I/Users/ishiihiroto/Develop/dist/include/common/sdl2_mixer -I/Users/ishiihiroto/Develop/dist/include/common/sdl2_ttf -I/Users/ishiihiroto/Develop/dist/include/iphonesimulator-x86_64  conftest.c >&5
configure:8729: $? = 0
configure:8729: result: yes
configure:8754: checking for dlfcn.h
configure:8754: /var/folders/rw/bh6kfqz95jj2y0d3kh6szzz80000gn/T/tmpiag3m8_s -c -O3 -miphonesimulator-version-min=9.0 -I/Users/ishiihiroto/Develop/dist/include/iphonesimulator-x86_64/ffi -I/Users/ishiihiroto/Develop/dist/include/common/libpng -I/Users/ishiihiroto/Develop/dist/include/iphonesimulator-x86_64/openssl -I/Users/ishiihiroto/Develop/dist/include/common/sdl2 -I/Users/ishiihiroto/Develop/dist/include/common/sdl2_image -I/Users/ishiihiroto/Develop/dist/include/common/sdl2_mixer -I/Users/ishiihiroto/Develop/dist/include/common/sdl2_ttf -I/Users/ishiihiroto/Develop/dist/include/iphonesimulator-x86_64  conftest.c >&5
configure:8754: $? = 0
configure:8754: result: yes
configure:9341: checking for objdir
configure:9357: result: .libs
configure:9621: checking if /var/folders/rw/bh6kfqz95jj2y0d3kh6szzz80000gn/T/tmpiag3m8_s supports -fno-rtti -fno-exceptions
configure:9640: /var/folders/rw/bh6kfqz95jj2y0d3kh6szzz80000gn/T/tmpiag3m8_s -c -O3 -miphonesimulator-version-min=9.0 -I/Users/ishiihiroto/Develop/dist/include/iphonesimulator-x86_64/ffi -I/Users/ishiihiroto/Develop/dist/include/common/libpng -I/Users/ishiihiroto/Develop/dist/include/iphonesimulator-x86_64/openssl -I/Users/ishiihiroto/Develop/dist/include/common/sdl2 -I/Users/ishiihiroto/Develop/dist/include/common/sdl2_image -I/Users/ishiihiroto/Develop/dist/include/common/sdl2_mixer -I/Users/ishiihiroto/Develop/dist/include/common/sdl2_ttf -I/Users/ishiihiroto/Develop/dist/include/iphonesimulator-x86_64  -fno-rtti -fno-exceptions conftest.c >&5
configure:9644: $? = 0
configure:9657: result: yes
configure:10015: checking for /var/folders/rw/bh6kfqz95jj2y0d3kh6szzz80000gn/T/tmpiag3m8_s option to produce PIC
configure:10023: result: -fno-common -DPIC
configure:10031: checking if /var/folders/rw/bh6kfqz95jj2y0d3kh6szzz80000gn/T/tmpiag3m8_s PIC flag -fno-common -DPIC works
configure:10050: /var/folders/rw/bh6kfqz95jj2y0d3kh6szzz80000gn/T/tmpiag3m8_s -c -O3 -miphonesimulator-version-min=9.0 -I/Users/ishiihiroto/Develop/dist/include/iphonesimulator-x86_64/ffi -I/Users/ishiihiroto/Develop/dist/include/common/libpng -I/Users/ishiihiroto/Develop/dist/include/iphonesimulator-x86_64/openssl -I/Users/ishiihiroto/Develop/dist/include/common/sdl2 -I/Users/ishiihiroto/Develop/dist/include/common/sdl2_image -I/Users/ishiihiroto/Develop/dist/include/common/sdl2_mixer -I/Users/ishiihiroto/Develop/dist/include/common/sdl2_ttf -I/Users/ishiihiroto/Develop/dist/include/iphonesimulator-x86_64  -fno-common -DPIC -DPIC conftest.c >&5
configure:10054: $? = 0
configure:10067: result: yes
configure:10096: checking if /var/folders/rw/bh6kfqz95jj2y0d3kh6szzz80000gn/T/tmpiag3m8_s static flag -static works
configure:10125: result: no
configure:10140: checking if /var/folders/rw/bh6kfqz95jj2y0d3kh6szzz80000gn/T/tmpiag3m8_s supports -c -o file.o
configure:10162: /var/folders/rw/bh6kfqz95jj2y0d3kh6szzz80000gn/T/tmpiag3m8_s -c -O3 -miphonesimulator-version-min=9.0 -I/Users/ishiihiroto/Develop/dist/include/iphonesimulator-x86_64/ffi -I/Users/ishiihiroto/Develop/dist/include/common/libpng -I/Users/ishiihiroto/Develop/dist/include/iphonesimulator-x86_64/openssl -I/Users/ishiihiroto/Develop/dist/include/common/sdl2 -I/Users/ishiihiroto/Develop/dist/include/common/sdl2_image -I/Users/ishiihiroto/Develop/dist/include/common/sdl2_mixer -I/Users/ishiihiroto/Develop/dist/include/common/sdl2_ttf -I/Users/ishiihiroto/Develop/dist/include/iphonesimulator-x86_64  -o out/conftest2.o conftest.c >&5
configure:10166: $? = 0
configure:10188: result: yes
configure:10196: checking if /var/folders/rw/bh6kfqz95jj2y0d3kh6szzz80000gn/T/tmpiag3m8_s supports -c -o file.o
configure:10244: result: yes
configure:10277: checking whether the /var/folders/rw/bh6kfqz95jj2y0d3kh6szzz80000gn/T/tmpiag3m8_s linker (/Applications/Xcode.app/Contents/Developer/Toolchains/XcodeDefault.xctoolchain/usr/bin/ld) supports shared libraries
configure:11545: result: yes
configure:11786: checking dynamic linker characteristics
configure:12607: result: darwin13 dyld
configure:12729: checking how to hardcode library paths into programs
configure:12754: result: immediate
configure:13306: checking whether stripping libraries is possible
configure:13323: result: yes
configure:13357: checking if libtool supports shared libraries
configure:13359: result: yes
configure:13362: checking whether to build shared libraries
configure:13387: result: no
configure:13390: checking whether to build static libraries
configure:13394: result: yes
configure:13435: checking that AWK works
configure:13441: result: ok
configure:13494: checking if we need to force back C standard to C89
configure:13510: /var/folders/rw/bh6kfqz95jj2y0d3kh6szzz80000gn/T/tmpiag3m8_s -c -O3 -miphonesimulator-version-min=9.0 -I/Users/ishiihiroto/Develop/dist/include/iphonesimulator-x86_64/ffi -I/Users/ishiihiroto/Develop/dist/include/common/libpng -I/Users/ishiihiroto/Develop/dist/include/iphonesimulator-x86_64/openssl -I/Users/ishiihiroto/Develop/dist/include/common/sdl2 -I/Users/ishiihiroto/Develop/dist/include/common/sdl2_image -I/Users/ishiihiroto/Develop/dist/include/common/sdl2_mixer -I/Users/ishiihiroto/Develop/dist/include/common/sdl2_ttf -I/Users/ishiihiroto/Develop/dist/include/iphonesimulator-x86_64  conftest.c >&5
configure:13510: $? = 0
configure:13512: result: no
configure:13527: checking whether struct tm is in sys/time.h or time.h
configure:13548: /var/folders/rw/bh6kfqz95jj2y0d3kh6szzz80000gn/T/tmpiag3m8_s -c -O3 -miphonesimulator-version-min=9.0 -I/Users/ishiihiroto/Develop/dist/include/iphonesimulator-x86_64/ffi -I/Users/ishiihiroto/Develop/dist/include/common/libpng -I/Users/ishiihiroto/Develop/dist/include/iphonesimulator-x86_64/openssl -I/Users/ishiihiroto/Develop/dist/include/common/sdl2 -I/Users/ishiihiroto/Develop/dist/include/common/sdl2_image -I/Users/ishiihiroto/Develop/dist/include/common/sdl2_mixer -I/Users/ishiihiroto/Develop/dist/include/common/sdl2_ttf -I/Users/ishiihiroto/Develop/dist/include/iphonesimulator-x86_64  conftest.c >&5
configure:13548: $? = 0
configure:13556: result: time.h
configure:13564: checking for C/C++ restrict keyword
configure:13594: /var/folders/rw/bh6kfqz95jj2y0d3kh6szzz80000gn/T/tmpiag3m8_s -c -O3 -miphonesimulator-version-min=9.0 -I/Users/ishiihiroto/Develop/dist/include/iphonesimulator-x86_64/ffi -I/Users/ishiihiroto/Develop/dist/include/common/libpng -I/Users/ishiihiroto/Develop/dist/include/iphonesimulator-x86_64/openssl -I/Users/ishiihiroto/Develop/dist/include/common/sdl2 -I/Users/ishiihiroto/Develop/dist/include/common/sdl2_image -I/Users/ishiihiroto/Develop/dist/include/common/sdl2_mixer -I/Users/ishiihiroto/Develop/dist/include/common/sdl2_ttf -I/Users/ishiihiroto/Develop/dist/include/iphonesimulator-x86_64  conftest.c >&5
configure:13594: $? = 0
configure:13603: result: __restrict__
configure:13619: checking for pow
configure:13619: /var/folders/rw/bh6kfqz95jj2y0d3kh6szzz80000gn/T/tmpiag3m8_s -o conftest -O3 -miphonesimulator-version-min=9.0 -I/Users/ishiihiroto/Develop/dist/include/iphonesimulator-x86_64/ffi -I/Users/ishiihiroto/Develop/dist/include/common/libpng -I/Users/ishiihiroto/Develop/dist/include/iphonesimulator-x86_64/openssl -I/Users/ishiihiroto/Develop/dist/include/common/sdl2 -I/Users/ishiihiroto/Develop/dist/include/common/sdl2_image -I/Users/ishiihiroto/Develop/dist/include/common/sdl2_mixer -I/Users/ishiihiroto/Develop/dist/include/common/sdl2_ttf -I/Users/ishiihiroto/Develop/dist/include/iphonesimulator-x86_64  -arch x86_64 -L/Users/ishiihiroto/Develop/dist/lib/iphonesimulator -L/Applications/Xcode.app/Contents/Developer/Platforms/iPhoneSimulator.platform/Developer/SDKs/iPhoneSimulator14.5.sdk/usr/lib -miphonesimulator-version-min=9.0 conftest.c  >&5
conftest.c:40:6: warning: incompatible redeclaration of library function 'pow' [-Wincompatible-library-redeclaration]
char pow ();
     ^
conftest.c:40:6: note: 'pow' is a builtin with type 'double (double, double)'
1 warning generated.
configure:13619: $? = 0
configure:13619: result: yes
configure:13676: checking for clock_gettime
configure:13676: /var/folders/rw/bh6kfqz95jj2y0d3kh6szzz80000gn/T/tmpiag3m8_s -o conftest -O3 -miphonesimulator-version-min=9.0 -I/Users/ishiihiroto/Develop/dist/include/iphonesimulator-x86_64/ffi -I/Users/ishiihiroto/Develop/dist/include/common/libpng -I/Users/ishiihiroto/Develop/dist/include/iphonesimulator-x86_64/openssl -I/Users/ishiihiroto/Develop/dist/include/common/sdl2 -I/Users/ishiihiroto/Develop/dist/include/common/sdl2_image -I/Users/ishiihiroto/Develop/dist/include/common/sdl2_mixer -I/Users/ishiihiroto/Develop/dist/include/common/sdl2_ttf -I/Users/ishiihiroto/Develop/dist/include/iphonesimulator-x86_64  -arch x86_64 -L/Users/ishiihiroto/Develop/dist/lib/iphonesimulator -L/Applications/Xcode.app/Contents/Developer/Platforms/iPhoneSimulator.platform/Developer/SDKs/iPhoneSimulator14.5.sdk/usr/lib -miphonesimulator-version-min=9.0 conftest.c  >&5
configure:13676: $? = 0
configure:13676: result: yes
configure:13703: checking for zlibVersion in -lz
configure:13726: /var/folders/rw/bh6kfqz95jj2y0d3kh6szzz80000gn/T/tmpiag3m8_s -o conftest -O3 -miphonesimulator-version-min=9.0 -I/Users/ishiihiroto/Develop/dist/include/iphonesimulator-x86_64/ffi -I/Users/ishiihiroto/Develop/dist/include/common/libpng -I/Users/ishiihiroto/Develop/dist/include/iphonesimulator-x86_64/openssl -I/Users/ishiihiroto/Develop/dist/include/common/sdl2 -I/Users/ishiihiroto/Develop/dist/include/common/sdl2_image -I/Users/ishiihiroto/Develop/dist/include/common/sdl2_mixer -I/Users/ishiihiroto/Develop/dist/include/common/sdl2_ttf -I/Users/ishiihiroto/Develop/dist/include/iphonesimulator-x86_64  -arch x86_64 -L/Users/ishiihiroto/Develop/dist/lib/iphonesimulator -L/Applications/Xcode.app/Contents/Developer/Platforms/iPhoneSimulator.platform/Developer/SDKs/iPhoneSimulator14.5.sdk/usr/lib -miphonesimulator-version-min=9.0 conftest.c -lz   >&5
configure:13726: $? = 0
configure:13736: result: yes
configure:13798: checking for feenableexcept in -lm
configure:13821: /var/folders/rw/bh6kfqz95jj2y0d3kh6szzz80000gn/T/tmpiag3m8_s -o conftest -O3 -miphonesimulator-version-min=9.0 -I/Users/ishiihiroto/Develop/dist/include/iphonesimulator-x86_64/ffi -I/Users/ishiihiroto/Develop/dist/include/common/libpng -I/Users/ishiihiroto/Develop/dist/include/iphonesimulator-x86_64/openssl -I/Users/ishiihiroto/Develop/dist/include/common/sdl2 -I/Users/ishiihiroto/Develop/dist/include/common/sdl2_image -I/Users/ishiihiroto/Develop/dist/include/common/sdl2_mixer -I/Users/ishiihiroto/Develop/dist/include/common/sdl2_ttf -I/Users/ishiihiroto/Develop/dist/include/iphonesimulator-x86_64  -arch x86_64 -L/Users/ishiihiroto/Develop/dist/lib/iphonesimulator -L/Applications/Xcode.app/Contents/Developer/Platforms/iPhoneSimulator.platform/Developer/SDKs/iPhoneSimulator14.5.sdk/usr/lib -miphonesimulator-version-min=9.0 conftest.c -lm  -lz  >&5
Undefined symbols for architecture x86_64:
  "_feenableexcept", referenced from:
      _main in conftest-467bd5.o
ld: symbol(s) not found for architecture x86_64
clang: error: linker command failed with exit code 1 (use -v to see invocation)
configure:13821: $? = 1
configure: failed program was:
| /* confdefs.h */
| #define PACKAGE_NAME "libpng"
| #define PACKAGE_TARNAME "libpng"
| #define PACKAGE_VERSION "1.6.40"
| #define PACKAGE_STRING "libpng 1.6.40"
| #define PACKAGE_BUGREPORT "png-mng-implement@lists.sourceforge.net"
| #define PACKAGE_URL ""
| #define PACKAGE "libpng"
| #define VERSION "1.6.40"
| #define HAVE_STDIO_H 1
| #define HAVE_STDLIB_H 1
| #define HAVE_STRING_H 1
| #define HAVE_INTTYPES_H 1
| #define HAVE_STDINT_H 1
| #define HAVE_STRINGS_H 1
| #define HAVE_SYS_STAT_H 1
| #define HAVE_SYS_TYPES_H 1
| #define HAVE_UNISTD_H 1
| #define STDC_HEADERS 1
| #define HAVE_DLFCN_H 1
| #define LT_OBJDIR ".libs/"
| #define restrict __restrict__
| #define HAVE_POW 1
| #define HAVE_LIBZ 1
| /* end confdefs.h.  */
| 
| /* Override any GCC internal prototype to avoid an error.
|    Use char because int might match the return type of a GCC
|    builtin and then its argument prototype would still apply.  */
| char feenableexcept ();
| int
| main (void)
| {
| return feenableexcept ();
|   ;
|   return 0;
| }
configure:13831: result: no
configure:13841: checking for feenableexcept
configure:13841: /var/folders/rw/bh6kfqz95jj2y0d3kh6szzz80000gn/T/tmpiag3m8_s -o conftest -O3 -miphonesimulator-version-min=9.0 -I/Users/ishiihiroto/Develop/dist/include/iphonesimulator-x86_64/ffi -I/Users/ishiihiroto/Develop/dist/include/common/libpng -I/Users/ishiihiroto/Develop/dist/include/iphonesimulator-x86_64/openssl -I/Users/ishiihiroto/Develop/dist/include/common/sdl2 -I/Users/ishiihiroto/Develop/dist/include/common/sdl2_image -I/Users/ishiihiroto/Develop/dist/include/common/sdl2_mixer -I/Users/ishiihiroto/Develop/dist/include/common/sdl2_ttf -I/Users/ishiihiroto/Develop/dist/include/iphonesimulator-x86_64  -arch x86_64 -L/Users/ishiihiroto/Develop/dist/lib/iphonesimulator -L/Applications/Xcode.app/Contents/Developer/Platforms/iPhoneSimulator.platform/Developer/SDKs/iPhoneSimulator14.5.sdk/usr/lib -miphonesimulator-version-min=9.0 conftest.c -lz  >&5
Undefined symbols for architecture x86_64:
  "_feenableexcept", referenced from:
      _main in conftest-8b5f21.o
ld: symbol(s) not found for architecture x86_64
clang: error: linker command failed with exit code 1 (use -v to see invocation)
configure:13841: $? = 1
configure: failed program was:
| /* confdefs.h */
| #define PACKAGE_NAME "libpng"
| #define PACKAGE_TARNAME "libpng"
| #define PACKAGE_VERSION "1.6.40"
| #define PACKAGE_STRING "libpng 1.6.40"
| #define PACKAGE_BUGREPORT "png-mng-implement@lists.sourceforge.net"
| #define PACKAGE_URL ""
| #define PACKAGE "libpng"
| #define VERSION "1.6.40"
| #define HAVE_STDIO_H 1
| #define HAVE_STDLIB_H 1
| #define HAVE_STRING_H 1
| #define HAVE_INTTYPES_H 1
| #define HAVE_STDINT_H 1
| #define HAVE_STRINGS_H 1
| #define HAVE_SYS_STAT_H 1
| #define HAVE_SYS_TYPES_H 1
| #define HAVE_UNISTD_H 1
| #define STDC_HEADERS 1
| #define HAVE_DLFCN_H 1
| #define LT_OBJDIR ".libs/"
| #define restrict __restrict__
| #define HAVE_POW 1
| #define HAVE_LIBZ 1
| /* end confdefs.h.  */
| /* Define feenableexcept to an innocuous variant, in case <limits.h> declares feenableexcept.
|    For example, HP-UX 11i <limits.h> declares gettimeofday.  */
| #define feenableexcept innocuous_feenableexcept
| 
| /* System header to define __stub macros and hopefully few prototypes,
|    which can conflict with char feenableexcept (); below.  */
| 
| #include <limits.h>
| #undef feenableexcept
| 
| /* Override any GCC internal prototype to avoid an error.
|    Use char because int might match the return type of a GCC
|    builtin and then its argument prototype would still apply.  */
| #ifdef __cplusplus
| extern "C"
| #endif
| char feenableexcept ();
| /* The GNU C library defines this for functions which it implements
|     to always fail with ENOSYS.  Some functions are actually named
|     something starting with __ and the normal name is an alias.  */
| #if defined __stub_feenableexcept || defined __stub___feenableexcept
| choke me
| #endif
| 
| int
| main (void)
| {
| return feenableexcept ();
|   ;
|   return 0;
| }
configure:13841: result: no
configure:13849: checking if using Solaris linker
configure:13858: result: no
configure:13870: checking if libraries can be versioned
configure:13895: result: no
configure:13897: WARNING: *** You have not enabled versioned symbols.
configure:13943: pkgconfig directory is ${libdir}/pkgconfig
configure:14313: Extra options for compiler: 
configure:14431: checking that generated files are newer than configure
configure:14437: result: done
configure:14512: creating ./config.status

## ---------------------- ##
## Running config.status. ##
## ---------------------- ##

This file was extended by libpng config.status 1.6.40, which was
generated by GNU Autoconf 2.71.  Invocation command line was

  CONFIG_FILES    = 
  CONFIG_HEADERS  = 
  CONFIG_LINKS    = 
  CONFIG_COMMANDS = 
  $ ./config.status 

on ishiihirotonoMacBook-Air.local

config.status:1134: creating Makefile
config.status:1134: creating libpng.pc
config.status:1134: creating libpng-config
config.status:1134: creating config.h
config.status:1363: executing depfiles commands
config.status:1440: cd .       && sed -e '/# am--include-marker/d' Makefile         | make -f - am--depfiles
config.status:1445: $? = 0
config.status:1363: executing libtool commands

## ---------------- ##
## Cache variables. ##
## ---------------- ##

ac_cv_build=x86_64-apple-darwin20.6.0
ac_cv_c_compiler_gnu=yes
ac_cv_c_restrict=__restrict__
ac_cv_env_CCASFLAGS_set=
ac_cv_env_CCASFLAGS_value=
ac_cv_env_CCAS_set=
ac_cv_env_CCAS_value=
ac_cv_env_CC_set=set
ac_cv_env_CC_value=/var/folders/rw/bh6kfqz95jj2y0d3kh6szzz80000gn/T/tmpiag3m8_s
ac_cv_env_CFLAGS_set=set
ac_cv_env_CFLAGS_value='-O3 -miphonesimulator-version-min=9.0 -I/Users/ishiihiroto/Develop/dist/include/iphonesimulator-x86_64/ffi -I/Users/ishiihiroto/Develop/dist/include/common/libpng -I/Users/ishiihiroto/Develop/dist/include/iphonesimulator-x86_64/openssl -I/Users/ishiihiroto/Develop/dist/include/common/sdl2 -I/Users/ishiihiroto/Develop/dist/include/common/sdl2_image -I/Users/ishiihiroto/Develop/dist/include/common/sdl2_mixer -I/Users/ishiihiroto/Develop/dist/include/common/sdl2_ttf -I/Users/ishiihiroto/Develop/dist/include/iphonesimulator-x86_64'
ac_cv_env_CPPFLAGS_set=
ac_cv_env_CPPFLAGS_value=
ac_cv_env_CPP_set=
ac_cv_env_CPP_value=
ac_cv_env_LDFLAGS_set=set
ac_cv_env_LDFLAGS_value='-arch x86_64 -L/Users/ishiihiroto/Develop/dist/lib/iphonesimulator -L/Applications/Xcode.app/Contents/Developer/Platforms/iPhoneSimulator.platform/Developer/SDKs/iPhoneSimulator14.5.sdk/usr/lib -miphonesimulator-version-min=9.0'
ac_cv_env_LIBS_set=
ac_cv_env_LIBS_value=
ac_cv_env_LT_SYS_LIBRARY_PATH_set=
ac_cv_env_LT_SYS_LIBRARY_PATH_value=
ac_cv_env_PNG_COPTS_set=
ac_cv_env_PNG_COPTS_value=
ac_cv_env_build_alias_set=
ac_cv_env_build_alias_value=
ac_cv_env_host_alias_set=set
ac_cv_env_host_alias_value=x86_64-apple-darwin13
ac_cv_env_target_alias_set=
ac_cv_env_target_alias_value=
ac_cv_func_clock_gettime=yes
ac_cv_func_feenableexcept=no
ac_cv_func_pow=yes
ac_cv_header_dlfcn_h=yes
ac_cv_header_inttypes_h=yes
ac_cv_header_stdint_h=yes
ac_cv_header_stdio_h=yes
ac_cv_header_stdlib_h=yes
ac_cv_header_string_h=yes
ac_cv_header_strings_h=yes
ac_cv_header_sys_stat_h=yes
ac_cv_header_sys_types_h=yes
ac_cv_header_unistd_h=yes
ac_cv_host=x86_64-apple-darwin13
ac_cv_lib_m_feenableexcept=no
ac_cv_lib_z_zlibVersion=yes
ac_cv_objext=o
ac_cv_path_EGREP='/usr/bin/grep -E'
ac_cv_path_FGREP='/usr/bin/grep -F'
ac_cv_path_GREP=/usr/bin/grep
ac_cv_path_SED=/usr/bin/sed
ac_cv_path_install='/usr/bin/install -c'
ac_cv_path_lt_DD=/bin/dd
ac_cv_prog_AWK=awk
ac_cv_prog_CC=/var/folders/rw/bh6kfqz95jj2y0d3kh6szzz80000gn/T/tmpiag3m8_s
ac_cv_prog_CPP='/var/folders/rw/bh6kfqz95jj2y0d3kh6szzz80000gn/T/tmpiag3m8_s -E'
ac_cv_prog_STRIP=strip
ac_cv_prog_ac_ct_AR=ar
ac_cv_prog_ac_ct_DSYMUTIL=dsymutil
ac_cv_prog_ac_ct_DUMPBIN='link -dump'
ac_cv_prog_ac_ct_FILECMD=file
ac_cv_prog_ac_ct_LIPO=lipo
ac_cv_prog_ac_ct_NMEDIT=nmedit
ac_cv_prog_ac_ct_OBJDUMP=objdump
ac_cv_prog_ac_ct_OTOOL=otool
ac_cv_prog_ac_ct_RANLIB=ranlib
ac_cv_prog_ac_ct_STRIP=strip
ac_cv_prog_cc_c11=
ac_cv_prog_cc_g=yes
ac_cv_prog_cc_stdc=
ac_cv_prog_make_make_set=yes
ac_cv_struct_tm=time.h
am_cv_CCAS_dependencies_compiler_type=gcc3
am_cv_CC_dependencies_compiler_type=gcc3
am_cv_make_support_nested_variables=yes
am_cv_prog_cc_c_o=yes
lt_cv_apple_cc_single_mod=yes
lt_cv_ar_at_file=no
lt_cv_deplibs_check_method=pass_all
lt_cv_file_magic_cmd='$MAGIC_CMD'
lt_cv_file_magic_test_file=
lt_cv_ld_exported_symbols_list=yes
lt_cv_ld_force_load=yes
lt_cv_ld_reload_flag=-r
lt_cv_nm_interface='BSD nm'
lt_cv_objdir=.libs
lt_cv_path_LD=/Applications/Xcode.app/Contents/Developer/Toolchains/XcodeDefault.xctoolchain/usr/bin/ld
lt_cv_path_NM=no
lt_cv_path_mainfest_tool=no
lt_cv_prog_compiler_c_o=yes
lt_cv_prog_compiler_pic='-fno-common -DPIC'
lt_cv_prog_compiler_pic_works=yes
lt_cv_prog_compiler_rtti_exceptions=yes
lt_cv_prog_compiler_static_works=no
lt_cv_prog_gnu_ld=no
lt_cv_sharedlib_from_linklib_cmd='printf %s\n'
lt_cv_sys_global_symbol_pipe='/usr/bin/sed -n -e '\''s/^.*[	 ]\([BCDEGRST][BCDEGRST]*\)[	 ][	 ]*_\([_A-Za-z][_A-Za-z0-9]*\)$/\1 _\2 \2/p'\'' | /usr/bin/sed '\''/ __gnu_lto/d'\'''
lt_cv_sys_global_symbol_to_c_name_address='/usr/bin/sed -n -e '\''s/^: \(.*\) .*$/  {"\1", (void *) 0},/p'\'' -e '\''s/^[BCDEGRST][BCDEGRST]* .* \(.*\)$/  {"\1", (void *) \&\1},/p'\'''
lt_cv_sys_global_symbol_to_c_name_address_lib_prefix='/usr/bin/sed -n -e '\''s/^: \(.*\) .*$/  {"\1", (void *) 0},/p'\'' -e '\''s/^[BCDEGRST][BCDEGRST]* .* \(lib.*\)$/  {"\1", (void *) \&\1},/p'\'' -e '\''s/^[BCDEGRST][BCDEGRST]* .* \(.*\)$/  {"lib\1", (void *) \&\1},/p'\'''
lt_cv_sys_global_symbol_to_cdecl='/usr/bin/sed -n -e '\''s/^T .* \(.*\)$/extern int \1();/p'\'' -e '\''s/^[BCDEGRST][BCDEGRST]* .* \(.*\)$/extern char \1;/p'\'''
lt_cv_sys_global_symbol_to_import=
lt_cv_sys_max_cmd_len=786432
lt_cv_to_host_file_cmd=func_convert_file_noop
lt_cv_to_tool_file_cmd=func_convert_file_noop
lt_cv_truncate_bin='/bin/dd bs=4096 count=1'

## ----------------- ##
## Output variables. ##
## ----------------- ##

ACLOCAL='${SHELL} '\''/Users/ishiihiroto/Develop/build/libpng/iphonesimulator-x86_64/libpng-1.6.40/missing'\'' aclocal-1.16'
AMDEPBACKSLASH='\'
AMDEP_FALSE='#'
AMDEP_TRUE=''
AMTAR='$${TAR-tar}'
AM_BACKSLASH='\'
AM_DEFAULT_V='$(AM_DEFAULT_VERBOSITY)'
AM_DEFAULT_VERBOSITY='1'
AM_V='$(V)'
AR='ar'
AS='as'
AUTOCONF='${SHELL} '\''/Users/ishiihiroto/Develop/build/libpng/iphonesimulator-x86_64/libpng-1.6.40/missing'\'' autoconf'
AUTOHEADER='${SHELL} '\''/Users/ishiihiroto/Develop/build/libpng/iphonesimulator-x86_64/libpng-1.6.40/missing'\'' autoheader'
AUTOMAKE='${SHELL} '\''/Users/ishiihiroto/Develop/build/libpng/iphonesimulator-x86_64/libpng-1.6.40/missing'\'' automake-1.16'
AWK='awk'
CC='/var/folders/rw/bh6kfqz95jj2y0d3kh6szzz80000gn/T/tmpiag3m8_s'
CCAS='/var/folders/rw/bh6kfqz95jj2y0d3kh6szzz80000gn/T/tmpiag3m8_s'
CCASDEPMODE='depmode=gcc3'
CCASFLAGS='-O3 -miphonesimulator-version-min=9.0 -I/Users/ishiihiroto/Develop/dist/include/iphonesimulator-x86_64/ffi -I/Users/ishiihiroto/Develop/dist/include/common/libpng -I/Users/ishiihiroto/Develop/dist/include/iphonesimulator-x86_64/openssl -I/Users/ishiihiroto/Develop/dist/include/common/sdl2 -I/Users/ishiihiroto/Develop/dist/include/common/sdl2_image -I/Users/ishiihiroto/Develop/dist/include/common/sdl2_mixer -I/Users/ishiihiroto/Develop/dist/include/common/sdl2_ttf -I/Users/ishiihiroto/Develop/dist/include/iphonesimulator-x86_64'
CCDEPMODE='depmode=gcc3'
CFLAGS='-O3 -miphonesimulator-version-min=9.0 -I/Users/ishiihiroto/Develop/dist/include/iphonesimulator-x86_64/ffi -I/Users/ishiihiroto/Develop/dist/include/common/libpng -I/Users/ishiihiroto/Develop/dist/include/iphonesimulator-x86_64/openssl -I/Users/ishiihiroto/Develop/dist/include/common/sdl2 -I/Users/ishiihiroto/Develop/dist/include/common/sdl2_image -I/Users/ishiihiroto/Develop/dist/include/common/sdl2_mixer -I/Users/ishiihiroto/Develop/dist/include/common/sdl2_ttf -I/Users/ishiihiroto/Develop/dist/include/iphonesimulator-x86_64'
CPP='/var/folders/rw/bh6kfqz95jj2y0d3kh6szzz80000gn/T/tmpiag3m8_s -E'
CPPFLAGS=''
CSCOPE='cscope'
CTAGS='ctags'
CYGPATH_W='echo'
DEFS='-DHAVE_CONFIG_H'
DEPDIR='.deps'
DFNCPP='/var/folders/rw/bh6kfqz95jj2y0d3kh6szzz80000gn/T/tmpiag3m8_s -E'
DLLTOOL='false'
DO_INSTALL_LIBPNG_CONFIG_FALSE='#'
DO_INSTALL_LIBPNG_CONFIG_TRUE=''
DO_INSTALL_LIBPNG_PC_FALSE='#'
DO_INSTALL_LIBPNG_PC_TRUE=''
DO_INSTALL_LINKS_FALSE='#'
DO_INSTALL_LINKS_TRUE=''
DO_PNG_PREFIX_FALSE=''
DO_PNG_PREFIX_TRUE='#'
DSYMUTIL='dsymutil'
DUMPBIN=':'
ECHO_C='\c'
ECHO_N=''
ECHO_T=''
EGREP='/usr/bin/grep -E'
ETAGS='etags'
EXEEXT=''
FGREP='/usr/bin/grep -F'
FILECMD='file'
GREP='/usr/bin/grep'
HAVE_CLOCK_GETTIME_FALSE='#'
HAVE_CLOCK_GETTIME_TRUE=''
HAVE_LD_VERSION_SCRIPT_FALSE=''
HAVE_LD_VERSION_SCRIPT_TRUE='#'
HAVE_SOLARIS_LD_FALSE=''
HAVE_SOLARIS_LD_TRUE='#'
INSTALL_DATA='${INSTALL} -m 644'
INSTALL_PROGRAM='${INSTALL}'
INSTALL_SCRIPT='${INSTALL}'
INSTALL_STRIP_PROGRAM='$(install_sh) -c -s'
LD='/Applications/Xcode.app/Contents/Developer/Toolchains/XcodeDefault.xctoolchain/usr/bin/ld'
LDFLAGS='-arch x86_64 -L/Users/ishiihiroto/Develop/dist/lib/iphonesimulator -L/Applications/Xcode.app/Contents/Developer/Platforms/iPhoneSimulator.platform/Developer/SDKs/iPhoneSimulator14.5.sdk/usr/lib -miphonesimulator-version-min=9.0'
LIBOBJS=''
LIBS='-lz '
LIBTOOL='$(SHELL) $(top_builddir)/libtool'
LIPO='lipo'
LN_S='ln -s'
LTLIBOBJS=''
LT_SYS_LIBRARY_PATH=''
MAINT='#'
MAINTAINER_MODE_FALSE=''
MAINTAINER_MODE_TRUE='#'
MAKEINFO='${SHELL} '\''/Users/ishiihiroto/Develop/build/libpng/iphonesimulator-x86_64/libpng-1.6.40/missing'\'' makeinfo'
MANIFEST_TOOL=':'
MKDIR_P='./install-sh -c -d'
NM='nm'
NMEDIT='nmedit'
OBJDUMP='objdump'
OBJEXT='o'
OTOOL64=':'
OTOOL='otool'
PACKAGE='libpng'
PACKAGE_BUGREPORT='png-mng-implement@lists.sourceforge.net'
PACKAGE_NAME='libpng'
PACKAGE_STRING='libpng 1.6.40'
PACKAGE_TARNAME='libpng'
PACKAGE_URL=''
PACKAGE_VERSION='1.6.40'
PATH_SEPARATOR=':'
PNGLIB_MAJOR='1'
PNGLIB_MINOR='6'
PNGLIB_RELEASE='40'
PNGLIB_VERSION='1.6.40'
PNG_ARM_NEON_FALSE=''
PNG_ARM_NEON_TRUE='#'
PNG_COPTS=''
PNG_INTEL_SSE_FALSE='#'
PNG_INTEL_SSE_TRUE=''
PNG_MIPS_MSA_FALSE='#'
PNG_MIPS_MSA_TRUE=''
PNG_POWERPC_VSX_FALSE='#'
PNG_POWERPC_VSX_TRUE=''
PNG_PREFIX=''
RANLIB='ranlib'
SED='/usr/bin/sed'
SET_MAKE=''
SHELL='/bin/sh'
STRIP='strip'
SYMBOL_PREFIX=''
VERSION='1.6.40'
ac_ct_AR='ar'
ac_ct_CC=''
ac_ct_DUMPBIN='link -dump'
am__EXEEXT_FALSE=''
am__EXEEXT_TRUE='#'
am__fastdepCCAS_FALSE='#'
am__fastdepCCAS_TRUE=''
am__fastdepCC_FALSE='#'
am__fastdepCC_TRUE=''
am__include='include'
am__isrc=''
am__leading_dot='.'
am__nodep='_no'
am__quote=''
am__tar='$${TAR-tar} chof - "$$tardir"'
am__untar='$${TAR-tar} xf -'
binconfigs='${binconfigs}'
bindir='${exec_prefix}/bin'
build='x86_64-apple-darwin20.6.0'
build_alias=''
build_cpu='x86_64'
build_os='darwin20.6.0'
build_vendor='apple'
datadir='${datarootdir}'
datarootdir='${prefix}/share'
docdir='${datarootdir}/doc/${PACKAGE_TARNAME}'
dvidir='${docdir}'
exec_prefix='${prefix}'
host='x86_64-apple-darwin13'
host_alias='x86_64-apple-darwin13'
host_cpu='x86_64'
host_os='darwin13'
host_vendor='apple'
htmldir='${docdir}'
includedir='${prefix}/include'
infodir='${datarootdir}/info'
install_sh='${SHELL} /Users/ishiihiroto/Develop/build/libpng/iphonesimulator-x86_64/libpng-1.6.40/install-sh'
libdir='${exec_prefix}/lib'
libexecdir='${exec_prefix}/libexec'
localedir='${datarootdir}/locale'
localstatedir='${prefix}/var'
mandir='${datarootdir}/man'
mkdir_p='$(MKDIR_P)'
oldincludedir='/usr/include'
pdfdir='${docdir}'
pkgconfigdir='${libdir}/pkgconfig'
prefix='/Users/ishiihiroto/Develop/build/libpng/iphonesimulator-x86_64/libpng-1.6.40/dist'
program_transform_name='s,x,x,'
psdir='${docdir}'
runstatedir='${localstatedir}/run'
sbindir='${exec_prefix}/sbin'
sharedstatedir='${prefix}/com'
sysconfdir='${prefix}/etc'
target_alias=''

## ----------- ##
## confdefs.h. ##
## ----------- ##

/* confdefs.h */
#define PACKAGE_NAME "libpng"
#define PACKAGE_TARNAME "libpng"
#define PACKAGE_VERSION "1.6.40"
#define PACKAGE_STRING "libpng 1.6.40"
#define PACKAGE_BUGREPORT "png-mng-implement@lists.sourceforge.net"
#define PACKAGE_URL ""
#define PACKAGE "libpng"
#define VERSION "1.6.40"
#define HAVE_STDIO_H 1
#define HAVE_STDLIB_H 1
#define HAVE_STRING_H 1
#define HAVE_INTTYPES_H 1
#define HAVE_STDINT_H 1
#define HAVE_STRINGS_H 1
#define HAVE_SYS_STAT_H 1
#define HAVE_SYS_TYPES_H 1
#define HAVE_UNISTD_H 1
#define STDC_HEADERS 1
#define HAVE_DLFCN_H 1
#define LT_OBJDIR ".libs/"
#define restrict __restrict__
#define HAVE_POW 1
#define HAVE_LIBZ 1

configure: exit 0
